C51 COMPILER V9.59.0.0   SOUND                                                             03/09/2021 21:56:24 PAGE 1   


C51 COMPILER V9.59.0.0, COMPILATION OF MODULE SOUND
OBJECT MODULE PLACED IN sound.OBJ
COMPILER INVOKED BY: C:\Keil_v5\C51\BIN\C51.exe sound.c DB OE BR INCDIR(c:\SiLabs\MCU\Inc)

line level    source

   1          // sound data used by invaders, 10kHz sample rate,
   2          // 2048 samples of 16 bits (unsigned) each (4k code mem each)
   3          
   4          code unsigned int ship_death_snd[2048] = {
   5              0x652, 0xAA6, 0x77D, 0x57E,  0x9A4, 0x850, 0xA0D, 0x74D,
   6              0x753, 0x665, 0x87D, 0x97E,  0x8FA, 0x991, 0x7D2, 0xBE1,
   7              0xB33, 0x386, 0x338, 0x9F1,  0x557, 0x416, 0x5D7, 0x991,
   8              0xB58, 0x5FD, 0x6C5, 0x965,  0x50A, 0x5AD, 0x776, 0x46E,
   9              0x72B, 0x803, 0x6C3, 0x997,  0xD89, 0xDEB, 0xA42, 0x7F0,
  10              0x8D8, 0x5F4, 0x693, 0x5D1,  0x6FD, 0xA5A, 0xA56, 0x7C8,
  11              0x545, 0x845, 0x865, 0x78E,  0xAC7, 0x6F3, 0x5AB, 0x4CE,
  12              0x9FD, 0x6F2, 0x62D, 0x9DA,  0x84A, 0x818, 0x665, 0xF13,
  13              0x83F, 0xBA0, 0x7C5, 0x514,  0x79C, 0x75B, 0xA52, 0x9CF,
  14              0xBEB, 0x85B, 0x4A4, 0x635,  0x763, 0xA5E, 0xAFE, 0x667,
  15              0x958, 0x5BC, 0x9CF, 0xB9C,  0x908, 0x703, 0x678, 0x94A,
  16              0x9DD, 0x537, 0x8D1, 0x6A9,  0x41D, 0x91C, 0x91E, 0x8FE,
  17              0x51B, 0x8D6, 0x7A8, 0x8AD,  0x81A, 0x613, 0x810, 0x8CC,
  18              0x9A4, 0x4B4, 0x9D1, 0x6CE,  0x4C6, 0xC6C, 0x7C7, 0x87C,
  19              0x580, 0xC71, 0x7DA, 0x40B,  0x765, 0x571, 0x9FB, 0x780,
  20              0x59A, 0x699, 0x891, 0x645,  0xB55, 0xAA6, 0x823, 0x769,
  21              0x86C, 0x64F, 0x7FF, 0x836,  0x9CB, 0xABC, 0x70A, 0x890,
  22              0x775, 0x96B, 0xB3E, 0xCC3,  0xB78, 0xB23, 0xB36, 0x93B,
  23              0x674, 0x8E6, 0xA3B, 0x641,  0x7D4, 0x7AA, 0x5EB, 0xDDB,
  24              0x69C, 0xA1F, 0xA0E, 0x89A,  0xA5D, 0x739, 0x6A3, 0x324,
  25              0x88E, 0x802, 0x82A, 0x4F5,  0xB62, 0x73D, 0x9AF, 0x56D,
  26              0x83C, 0x9EE, 0x2DD, 0x704,  0x8BA, 0x88C, 0x938, 0x83C,
  27              0x733, 0x939, 0x589, 0xA85,  0x4B5, 0x92B, 0x980, 0x636,
  28              0xD85, 0xA3B, 0x97F, 0x644,  0x976, 0x504, 0x6FA, 0x872,
  29              0x5E7, 0x91D, 0xDED, 0x839,  0xA27, 0x565, 0x56E, 0x71D,
  30              0x359, 0x6C2, 0xBEE, 0x6C4,  0x7F2, 0x662, 0x574, 0x9A1,
  31              0x1EE, 0xAAE, 0x5E9, 0x59E,  0x327, 0x7EF, 0x9F9, 0x52B,
  32              0x6D6, 0x933, 0xA52, 0x9BF,  0xA36, 0x6A8, 0x918, 0xA0F,
  33              0x863, 0x3E8, 0x4E6, 0x805,  0x921, 0x6C4, 0x312, 0x5A6,
  34              0xBCF, 0x547, 0xA18, 0x647,  0x44B, 0x435, 0x682, 0x81A,
  35              0x52A, 0xB1B, 0x5D0, 0x762,  0x83C, 0x794, 0x836, 0x809,
  36              0x9D7, 0x965, 0x75F, 0xB5D,  0x676, 0x5CE, 0x7A0, 0x778,
  37              0x671, 0xB04, 0x943, 0xAE6,  0x710, 0x635, 0xA66, 0xA48,
  38              0xAB2, 0x1A1, 0xBF8, 0x720,  0x56E, 0x67E, 0x593, 0x8CE,
  39              0x6D4, 0xA37, 0xB5A, 0x5F0,  0x6F0, 0x992, 0x607, 0x518,
  40              0x319, 0x6CB, 0x891, 0x6C7,  0xB92, 0xA10, 0xBE6, 0x595,
  41              0x421, 0xA67, 0x744, 0x843,  0x458, 0x995, 0x3C8, 0x951,
  42              0x9B5, 0xA1A, 0x8B4, 0x37D,  0xDB1, 0x5A3, 0x8D8, 0x896,
  43              0x951, 0xB89, 0x617, 0x203,  0x3F1, 0x6F0, 0x5EC, 0x9FC,
  44              0x7F2, 0x8A9, 0xCD1, 0x8FF,  0x5D9, 0x9DC, 0x93A, 0x864,
  45              0x91E, 0x895, 0x523, 0x899,  0xF60, 0x3A1, 0xBE2, 0x84C,
  46              0x298, 0xE95, 0x8AD, 0x6B5,  0x5E8, 0xB57, 0x813, 0x8E1,
  47              0xA0C, 0x7EA, 0x6EA, 0x593,  0x658, 0x8F7, 0xBD3, 0x705,
  48              0x470, 0x5FD, 0xB96, 0x507,  0x62F, 0x89C, 0x66C, 0x88B,
  49              0xC08, 0xA6D, 0xABD, 0xA5B,  0x9F8, 0xD20, 0x7AE, 0x404,
  50              0x521, 0xA58, 0x30F, 0x35A,  0x332, 0x57E, 0xA47, 0x709,
  51              0xA80, 0x32A, 0x87D, 0xB46,  0x73A, 0x9DC, 0xA74, 0x8E2,
  52              0x5F5, 0x7FB, 0x749, 0xC06,  0x75E, 0x658, 0x9E9, 0x7F6,
  53              0x333, 0x8B9, 0xD44, 0x912,  0x828, 0x49E, 0x778, 0x57D,
  54              0x7EA, 0x43D, 0x8DE, 0x880,  0x851, 0xAEA, 0x8B1, 0x9A6,
  55              0x898, 0x858, 0xA36, 0xCE2,  0x4FA, 0x682, 0x4D4, 0x740,
C51 COMPILER V9.59.0.0   SOUND                                                             03/09/2021 21:56:24 PAGE 2   

  56              0x7DD, 0x9BD, 0x830, 0x98F,  0xA0C, 0x5A4, 0x990, 0x85B,
  57              0x5E8, 0x5D8, 0xBC3, 0xB25,  0x959, 0x65B, 0x8D1, 0xAC2,
  58              0x630, 0x6C7, 0x9F6, 0x843,  0xBD9, 0xA34, 0x809, 0x807,
  59              0x4DC, 0x74C, 0xA21, 0x9C3,  0x5B3, 0x71A, 0x31A, 0x49C,
  60              0x8E6, 0x9B1, 0x933, 0x963,  0x796, 0x6A8, 0x64F, 0x887,
  61              0x853, 0x735, 0x90B, 0x8C6,  0x8E7, 0x885, 0xB16, 0x84F,
  62              0xC0E, 0x867, 0x749, 0x70C,  0x529, 0x60C, 0x909, 0xB18,
  63              0x8EB, 0x991, 0xAEC, 0x747,  0x7A3, 0xC35, 0x984, 0xC90,
  64              0xC10, 0x80D, 0x395, 0x83A,  0x661, 0x9C1, 0x741, 0x556,
  65              0xA9C, 0x886, 0xAA2, 0x6B9,  0xAC5, 0x99A, 0x689, 0x5BF,
  66              0x7AD, 0xB56, 0x73D, 0x520,  0x541, 0x764, 0x592, 0x66C,
  67              0xA37, 0x517, 0x6BE, 0xA06,  0x594, 0x7C7, 0xDA4, 0x9B1,
  68              0x6EA, 0x9A4, 0x671, 0x6E1,  0x6E4, 0x3CB, 0x8E0, 0x6A3,
  69              0x994, 0xA62, 0x7A0, 0x710,  0x919, 0x8A2, 0x58A, 0xA0F,
  70              0x61C, 0xAB5, 0x88A, 0x35F,  0x721, 0xA07, 0x4D3, 0x521,
  71              0x84E, 0x84E, 0xABF, 0xAE1,  0x869, 0x84B, 0x615, 0x79D,
  72              0xA9C, 0x531, 0x653, 0x6A5,  0xA0B, 0x9B9, 0x6B5, 0x9CB,
  73              0x943, 0x65B, 0x99A, 0x83B,  0x805, 0x6AE, 0x58B, 0x645,
  74              0x3CC, 0x6B3, 0xC13, 0x762,  0x8C8, 0x6F8, 0x712, 0x8A2,
  75              0x70F, 0xA8A, 0x692, 0x74E,  0x6CB, 0x97E, 0x656, 0x6AA,
  76              0x774, 0x84E, 0x76D, 0x9E1,  0x810, 0x3E2, 0x637, 0x729,
  77              0x78D, 0xB69, 0xAA3, 0x315,  0x83E, 0x7EF, 0x8AA, 0x8CD,
  78              0x943, 0xA41, 0x718, 0x89F,  0x8E4, 0x626, 0x4E1, 0x847,
  79              0x875, 0x1F0, 0x636, 0xA47,  0x850, 0x7C9, 0x7F8, 0x963,
  80              0x8BF, 0x86C, 0x6FD, 0x8C3,  0x890, 0x52F, 0x8B8, 0xBA0,
  81              0x76A, 0x5E0, 0x92F, 0x8DC,  0xBB1, 0x9B2, 0x89E, 0x93B,
  82              0x75B, 0x7B7, 0x6F5, 0x961,  0x94C, 0x897, 0x680, 0x870,
  83              0x4FD, 0x867, 0x964, 0x3E0,  0x760, 0x9D8, 0x9A1, 0x849,
  84              0xB1B, 0xA57, 0x6D4, 0x682,  0x6EC, 0x5A8, 0x610, 0x9B9,
  85              0x8C7, 0x7F0, 0x5C4, 0x732,  0x8D8, 0x55A, 0x893, 0x758,
  86              0x898, 0x5BE, 0x64F, 0x7EF,  0x65A, 0x74E, 0x665, 0x733,
  87              0x730, 0x702, 0x5F7, 0x50A,  0x7B1, 0x969, 0x655, 0x71E,
  88              0x851, 0x6D3, 0x713, 0x996,  0x545, 0x6EA, 0x823, 0x711,
  89              0x800, 0x4B3, 0x5BD, 0x91A,  0x90D, 0x47C, 0x7B9, 0xAEF,
  90              0x6E0, 0x95E, 0x7C3, 0x8F1,  0x96F, 0x7E1, 0xB57, 0x6DC,
  91              0x523, 0x6F7, 0x680, 0x50A,  0x879, 0x965, 0x817, 0x598,
  92              0x820, 0x6C4, 0x493, 0x857,  0x8DF, 0x79C, 0x5D6, 0x986,
  93              0x7B8, 0x7D3, 0x95C, 0x78A,  0xCC0, 0xA73, 0x6DE, 0x724,
  94              0x5DE, 0x88E, 0x4A1, 0x92D,  0xAA5, 0x920, 0x833, 0x7BD,
  95              0xAAB, 0xA1F, 0x621, 0x573,  0x987, 0x88C, 0xB87, 0x7D4,
  96              0x91B, 0x6C9, 0x6E6, 0x9E3,  0x39D, 0x704, 0x568, 0x768,
  97              0xB0D, 0x615, 0xAB1, 0x684,  0x6FD, 0x971, 0x706, 0x8DA,
  98              0x866, 0x993, 0x577, 0xBC1,  0x6D2, 0x6DD, 0x888, 0x458,
  99              0x801, 0x8CA, 0x890, 0x58A,  0x641, 0x66D, 0x83F, 0x5FD,
 100              0x8F8, 0x497, 0x5B0, 0xA28,  0x330, 0x5DF, 0x6DE, 0x887,
 101              0x910, 0x6E6, 0x872, 0x4C9,  0x55A, 0x6ED, 0x899, 0x9E5,
 102              0x9F8, 0x975, 0x8AD, 0x7A5,  0x3A8, 0x937, 0x4BB, 0x78E,
 103              0x880, 0x6F3, 0x933, 0x9B3,  0x9D8, 0x7E4, 0x932, 0x5F8,
 104              0x83D, 0x9F6, 0x77B, 0x741,  0xBE0, 0x75F, 0xA14, 0x818,
 105              0x78A, 0x700, 0x56C, 0xC1D,  0x98D, 0x781, 0x596, 0x710,
 106              0x8AA, 0xA03, 0x6C9, 0x7EC,  0x992, 0x840, 0x94A, 0x8D7,
 107              0x7AE, 0x8A6, 0x562, 0x6D6,  0x70F, 0x5DA, 0x9C3, 0x612,
 108              0x7FB, 0x5FE, 0x684, 0x98E,  0x81A, 0x6D8, 0x971, 0x976,
 109              0x974, 0x9DC, 0x7D9, 0x9C4,  0xA30, 0x865, 0x714, 0xC31,
 110              0x9A7, 0x7C3, 0x7F9, 0x5CB,  0x6F2, 0x653, 0x9AF, 0x927,
 111              0x619, 0xBA1, 0x9C8, 0x904,  0xA01, 0x778, 0x762, 0x532,
 112              0x7CF, 0xA35, 0x68A, 0x89A,  0x82A, 0x46E, 0x5D9, 0x639,
 113              0x948, 0x785, 0x78E, 0x6D2,  0x5E3, 0x738, 0x71C, 0x7A2,
 114              0x7C1, 0x447, 0x5F3, 0x8F2,  0x669, 0x94F, 0x9D3, 0x80D,
 115              0x7CB, 0x7B6, 0x650, 0x7DD,  0x889, 0x7CA, 0x7E0, 0x7A6,
 116              0x908, 0x75A, 0x869, 0x8FF,  0x57C, 0xBC2, 0x8B1, 0x67F,
 117              0x7F2, 0x4F8, 0x7D8, 0x711,  0x627, 0x5C4, 0x9FD, 0x788,
C51 COMPILER V9.59.0.0   SOUND                                                             03/09/2021 21:56:24 PAGE 3   

 118              0x668, 0x6B2, 0x811, 0x953,  0x84B, 0x8EA, 0x546, 0x91A,
 119              0x6CF, 0x5EA, 0xA48, 0x8AB,  0x876, 0x906, 0x83A, 0x527,
 120              0x6AE, 0x90E, 0x6A3, 0x4A3,  0x55A, 0xA34, 0x7EC, 0x5D6,
 121              0x8A2, 0x768, 0x5E9, 0x401,  0x531, 0x5AE, 0x62E, 0x64B,
 122              0x506, 0x466, 0x661, 0xB9C,  0x8EF, 0x717, 0x6EF, 0x930,
 123              0x9E2, 0x70C, 0x84D, 0x6CE,  0x81D, 0x81B, 0x889, 0x90F,
 124              0xA49, 0x84A, 0x538, 0x76F,  0x627, 0x79A, 0x813, 0x7EA,
 125              0x695, 0x6D8, 0x8AC, 0x557,  0x957, 0x964, 0x858, 0xB3A,
 126              0x6B8, 0x718, 0x698, 0x6FD,  0x801, 0x77C, 0xA49, 0x925,
 127              0x819, 0x805, 0x991, 0x8A2,  0x921, 0x985, 0x5A4, 0x809,
 128              0x61F, 0x606, 0x91C, 0x6E7,  0x6C3, 0x739, 0xA4B, 0x7D2,
 129              0x851, 0xAC8, 0x83A, 0x773,  0x92A, 0x82A, 0x943, 0x7E3,
 130              0x5C3, 0xB5C, 0x6F4, 0x6B5,  0x8AA, 0x94B, 0x6D1, 0x73F,
 131              0x9CF, 0x88D, 0x98E, 0x8CC,  0x4F0, 0x660, 0x790, 0x736,
 132              0xA72, 0x818, 0x99D, 0x84A,  0x980, 0x7E1, 0x5C0, 0x818,
 133              0x77F, 0x96F, 0x86D, 0x6BC,  0x969, 0x721, 0x916, 0x87D,
 134              0x692, 0x979, 0xA92, 0x92E,  0x782, 0x860, 0x787, 0xAD7,
 135              0x61E, 0x7FA, 0x89F, 0x6D2,  0xB0D, 0x95D, 0x898, 0x869,
 136              0x91C, 0x89D, 0x670, 0x92B,  0x87D, 0x855, 0x9E8, 0x746,
 137              0x658, 0x676, 0x99B, 0x6F6,  0x77D, 0x92A, 0x7AB, 0x79B,
 138              0x8F4, 0x951, 0x797, 0xA35,  0x8D7, 0x8E4, 0x947, 0x8BC,
 139              0x668, 0x7C5, 0x90D, 0x79F,  0x7B2, 0x5F1, 0x946, 0x806,
 140              0x6E1, 0x718, 0x80F, 0x6D7,  0x923, 0x878, 0x6E8, 0x74D,
 141              0x8DA, 0x93C, 0x81A, 0x9C5,  0x7AF, 0x813, 0x722, 0x8FF,
 142              0x87E, 0x96E, 0x7CB, 0x901,  0x76C, 0x7C1, 0x736, 0x7CB,
 143              0x8B6, 0x790, 0x73A, 0x6C9,  0x8ED, 0x680, 0x8F6, 0x697,
 144              0x8FA, 0x72A, 0x70D, 0x7E1,  0x73A, 0x794, 0x7D6, 0x806,
 145              0x6C5, 0x818, 0x7C3, 0x78B,  0x7BF, 0x84F, 0x74B, 0x776,
 146              0x5C1, 0x660, 0x791, 0x7C1,  0x741, 0x84B, 0xA1C, 0x783,
 147              0x846, 0x85E, 0x716, 0x9BC,  0x7FA, 0xA40, 0x924, 0x696,
 148              0x9A6, 0x7E6, 0x6A8, 0x7B6,  0x80B, 0x8EE, 0x8D7, 0x8B6,
 149              0x7B0, 0x67D, 0x836, 0x801,  0x930, 0x807, 0x855, 0x836,
 150              0x759, 0x808, 0x75E, 0x71A,  0x6BA, 0x865, 0x8B5, 0x8B5,
 151              0x6F0, 0x702, 0x6B1, 0x6A5,  0x89B, 0x7DD, 0x75E, 0x756,
 152              0x6B3, 0x63D, 0x807, 0x876,  0x747, 0x856, 0x845, 0x784,
 153              0x802, 0x823, 0x91F, 0x801,  0x8C7, 0x724, 0x89C, 0x917,
 154              0x67B, 0x869, 0x791, 0x88E,  0x8F1, 0x819, 0x81B, 0x8E5,
 155              0x7FB, 0x82E, 0x7FD, 0x842,  0x7D7, 0x82E, 0x84F, 0x768,
 156              0x6E3, 0x816, 0x852, 0x74F,  0x934, 0x836, 0x790, 0x7DC,
 157              0x99C, 0x6B0, 0x80B, 0x79D,  0x739, 0x956, 0x851, 0x842,
 158              0x8F3, 0x93E, 0x607, 0x7A9,  0x823, 0x6CB, 0x731, 0x838,
 159              0x6D6, 0x5FB, 0x77E, 0x946,  0x7BF, 0x81B, 0x962, 0x808,
 160              0x78E, 0x8C2, 0x872, 0x695,  0x715, 0x753, 0x841, 0x79F,
 161              0x86F, 0x983, 0x76B, 0x7A4,  0x8E8, 0x865, 0x77E, 0x703,
 162              0x8AD, 0x5E9, 0x910, 0x928,  0x76D, 0x7D7, 0x686, 0x849,
 163              0x56E, 0x879, 0x7A1, 0x6DD,  0x840, 0x85B, 0x834, 0x8C0,
 164              0x7FF, 0x776, 0x7ED, 0x798,  0x9B4, 0x6EA, 0x7A1, 0x7FE,
 165              0x829, 0x73F, 0x722, 0x922,  0x7BA, 0x810, 0x918, 0x7B1,
 166              0x7E0, 0x7FD, 0x7DD, 0x81B,  0x767, 0x976, 0x80D, 0x833,
 167              0x860, 0x790, 0x875, 0x83F,  0x8EA, 0x82B, 0x7D1, 0x808,
 168              0x80C, 0x805, 0x78E, 0x822,  0x895, 0x7BC, 0x83D, 0x92F,
 169              0x7F8, 0x725, 0x81E, 0x832,  0x7C2, 0x841, 0x83E, 0x817,
 170              0x839, 0x91C, 0x81D, 0x801,  0x736, 0x6DA, 0x895, 0x85D,
 171              0x814, 0x7AA, 0x761, 0x85B,  0x943, 0x8AC, 0x849, 0x72F,
 172              0x7B5, 0x7EF, 0x899, 0x7A3,  0x84A, 0x7AA, 0x7C9, 0x8B1,
 173              0x6CD, 0x7CA, 0x742, 0x865,  0x7F4, 0x83C, 0x84C, 0x709,
 174              0x818, 0x837, 0x760, 0x782,  0x81C, 0x8E7, 0x801, 0x7E2,
 175              0x81C, 0x7EB, 0x8F3, 0x8BE,  0x80F, 0x85C, 0x8A3, 0x7A9,
 176              0x8B1, 0x85E, 0x7CC, 0x7B2,  0x74B, 0x856, 0x8D6, 0x7CB,
 177              0x77A, 0x7D3, 0x7C4, 0x78F,  0x8BE, 0x922, 0x770, 0x808,
 178              0x82B, 0x84F, 0x81C, 0x915,  0x84A, 0x70F, 0x7D2, 0x6F0,
 179              0x86D, 0x7D1, 0x6BC, 0x8BD,  0x857, 0x6E1, 0x77C, 0x74B,
C51 COMPILER V9.59.0.0   SOUND                                                             03/09/2021 21:56:24 PAGE 4   

 180              0x78E, 0x855, 0x7F3, 0x878,  0x77D, 0x7DD, 0x893, 0x7F7,
 181              0x8F3, 0x7B1, 0x855, 0x868,  0x844, 0x88D, 0x819, 0x888,
 182              0x741, 0x83F, 0x88E, 0x76C,  0x745, 0x7F0, 0x8CD, 0x87F,
 183              0x81B, 0x84A, 0x77C, 0x8BA,  0x832, 0x841, 0x8B7, 0x760,
 184              0x7D2, 0x836, 0x887, 0x824,  0x8FC, 0x896, 0x823, 0x7CB,
 185              0x7C4, 0x7AA, 0x777, 0x814,  0x87D, 0x856, 0x78B, 0x82D,
 186              0x836, 0x780, 0x754, 0x748,  0x835, 0x82E, 0x7B7, 0x87B,
 187              0x879, 0x789, 0x7EA, 0x83D,  0x7FC, 0x86D, 0x787, 0x7BA,
 188              0x81C, 0x7D6, 0x839, 0x87A,  0x800, 0x81C, 0x856, 0x814,
 189              0x82E, 0x70B, 0x7E9, 0x7C4,  0x7D5, 0x7D1, 0x7DC, 0x906,
 190              0x7B6, 0x80C, 0x865, 0x82A,  0x86F, 0x7E8, 0x801, 0x814,
 191              0x760, 0x820, 0x7BB, 0x873,  0x7F8, 0x750, 0x822, 0x735,
 192              0x7D4, 0x827, 0x7D1, 0x792,  0x808, 0x824, 0x804, 0x848,
 193              0x81D, 0x79F, 0x7EF, 0x8DB,  0x7C3, 0x746, 0x83B, 0x7B8,
 194              0x8A5, 0x73D, 0x7A0, 0x86A,  0x7A6, 0x884, 0x7DB, 0x87D,
 195              0x848, 0x7D1, 0x7BA, 0x8B0,  0x7D3, 0x79F, 0x78B, 0x707,
 196              0x866, 0x85D, 0x7D4, 0x778,  0x7C7, 0x803, 0x7ED, 0x824,
 197              0x863, 0x7BB, 0x7B7, 0x838,  0x7A2, 0x776, 0x81E, 0x74D,
 198              0x7A0, 0x86E, 0x7C8, 0x7E1,  0x7DC, 0x762, 0x73E, 0x810,
 199              0x8C3, 0x7CB, 0x74A, 0x773,  0x829, 0x81C, 0x822, 0x844,
 200              0x894, 0x822, 0x76E, 0x855,  0x779, 0x7AA, 0x7C6, 0x82D,
 201              0x832, 0x7F8, 0x836, 0x826,  0x817, 0x818, 0x872, 0x85A,
 202              0x836, 0x83C, 0x859, 0x809,  0x7C2, 0x77C, 0x842, 0x7C1,
 203              0x836, 0x81D, 0x76E, 0x85F,  0x873, 0x825, 0x7B0, 0x7B2,
 204              0x7BF, 0x831, 0x806, 0x7B3,  0x811, 0x817, 0x7A3, 0x7A4,
 205              0x7C5, 0x810, 0x885, 0x74D,  0x7B7, 0x86B, 0x80C, 0x84B,
 206              0x7CC, 0x840, 0x7EA, 0x7B0,  0x843, 0x7ED, 0x7DE, 0x815,
 207              0x833, 0x84C, 0x847, 0x88B,  0x819, 0x82B, 0x823, 0x7FF,
 208              0x851, 0x7FE, 0x819, 0x7D8,  0x829, 0x7EA, 0x78D, 0x840,
 209              0x849, 0x7D5, 0x851, 0x832,  0x840, 0x80D, 0x80F, 0x7F2,
 210              0x7DA, 0x828, 0x80B, 0x87A,  0x814, 0x7F1, 0x7EC, 0x824,
 211              0x82B, 0x7E5, 0x7DB, 0x7B0,  0x7FA, 0x850, 0x81C, 0x820,
 212              0x7C7, 0x7B7, 0x824, 0x837,  0x835, 0x83C, 0x7FF, 0x848,
 213              0x810, 0x7EB, 0x823, 0x80B,  0x854, 0x830, 0x81C, 0x80D,
 214              0x83E, 0x84A, 0x80F, 0x7EE,  0x824, 0x7F4, 0x80B, 0x7F5,
 215              0x7F5, 0x824, 0x7F5, 0x7F2,  0x80D, 0x7E4, 0x82C, 0x808,
 216              0x78D, 0x802, 0x804, 0x7F3,  0x81B, 0x830, 0x7EE, 0x81E,
 217              0x7F7, 0x802, 0x823, 0x829,  0x836, 0x7CD, 0x80F, 0x7E7,
 218              0x7D6, 0x7E7, 0x7D1, 0x81E,  0x817, 0x815, 0x808, 0x7F5,
 219              0x7F6, 0x7D8, 0x814, 0x820,  0x7FB, 0x80D, 0x7FE, 0x7D2,
 220              0x7CD, 0x7CE, 0x7F8, 0x802,  0x808, 0x801, 0x810, 0x824,
 221              0x7E2, 0x813, 0x7E6, 0x7C6,  0x7EF, 0x802, 0x830, 0x809,
 222              0x7FB, 0x804, 0x838, 0x7EA,  0x7FE, 0x7EA, 0x7F4, 0x83F,
 223              0x80E, 0x80C, 0x7EA, 0x81B,  0x800, 0x81D, 0x7E7, 0x7EF,
 224              0x813, 0x803, 0x7F5, 0x814,  0x833, 0x7EE, 0x805, 0x7DE,
 225              0x7F0, 0x7F9, 0x7DE, 0x7F5,  0x816, 0x804, 0x7EE, 0x7DE,
 226              0x7FE, 0x7EC, 0x7F2, 0x80E,  0x7F5, 0x813, 0x7F8, 0x804,
 227              0x805, 0x7EC, 0x7CF, 0x7E6,  0x7FA, 0x803, 0x82B, 0x7F9,
 228              0x7D4, 0x824, 0x837, 0x7E3,  0x81B, 0x7FA, 0x7CE, 0x7EF,
 229              0x800, 0x810, 0x7E5, 0x7EC,  0x81D, 0x82E, 0x7F3, 0x815,
 230              0x825, 0x80B, 0x828, 0x7FE,  0x7EB, 0x7FF, 0x807, 0x7FB,
 231              0x807, 0x806, 0x7F4, 0x7EC,  0x7FA, 0x817, 0x808, 0x804,
 232              0x7FE, 0x7F1, 0x7FD, 0x802,  0x810, 0x81D, 0x7FB, 0x7F3,
 233              0x7F7, 0x809, 0x7ED, 0x7E1,  0x808, 0x7FF, 0x7F3, 0x7EB,
 234              0x7E5, 0x7F0, 0x80B, 0x805,  0x7D6, 0x7FF, 0x829, 0x802,
 235              0x806, 0x7E6, 0x802, 0x7F7,  0x7F1, 0x815, 0x7F7, 0x804,
 236              0x7F0, 0x810, 0x817, 0x7FF,  0x81E, 0x810, 0x7FD, 0x813,
 237              0x7FD, 0x801, 0x810, 0x80C,  0x7F2, 0x804, 0x816, 0x808,
 238              0x80E, 0x7F4, 0x7F3, 0x803,  0x7F3, 0x7FB, 0x80D, 0x7F8,
 239              0x804, 0x801, 0x7FE, 0x7FA,  0x7EA, 0x802, 0x80E, 0x802,
 240              0x7F7, 0x801, 0x805, 0x7F7,  0x807, 0x7E8, 0x7F4, 0x803,
 241              0x7ED, 0x7F1, 0x7F6, 0x7FB,  0x7FA, 0x7FE, 0x7EF, 0x7F8,
C51 COMPILER V9.59.0.0   SOUND                                                             03/09/2021 21:56:24 PAGE 5   

 242              0x7FE, 0x800, 0x804, 0x80C,  0x7F4, 0x7F7, 0x7FB, 0x80C,
 243              0x80B, 0x7FE, 0x806, 0x7F6,  0x808, 0x803, 0x804, 0x7FF,
 244              0x801, 0x806, 0x7FA, 0x7F9,  0x801, 0x804, 0x7FF, 0x7F4,
 245              0x7F9, 0x809, 0x801, 0x7FE,  0x7FF, 0x7FF, 0x800, 0x7FF,
 246              0x807, 0x802, 0x804, 0x801,  0x7FC, 0x805, 0x802, 0x7FE,
 247              0x800, 0x805, 0x800, 0x800,  0x801, 0x800, 0x7FF, 0x7FD,
 248              0x7FD, 0x7FC, 0x7FC, 0x7FE,  0x809, 0x7FC, 0x802, 0x800,
 249              0x800, 0x801, 0x7FA, 0x7FE,  0x7FF, 0x7FC, 0x7F8, 0x802,
 250              0x803, 0x800, 0x7FF, 0x801,  0x7FA, 0x7FC, 0x804, 0x800,
 251              0x800, 0x802, 0x800, 0x7FF,  0x7FF, 0x800, 0x7FE, 0x802,
 252              0x801, 0x800, 0x800, 0x7FE,  0x7FF, 0x803, 0x802, 0x801,
 253              0x7FF, 0x7FD, 0x7FF, 0x7FD,  0x800, 0x7FF, 0x7FF, 0x7FF,
 254              0x7FE, 0x7FE, 0x800, 0x801,  0x7FD, 0x800, 0x800, 0x800,
 255              0x800, 0x800, 0x800, 0x800,  0x802, 0x7FF, 0x801, 0x800,
 256              0x801, 0x800, 0x800, 0x800,  0x800, 0x800, 0x7FF, 0x800,
 257              0x800, 0x7FF, 0x800, 0x800,  0x800, 0x7FF, 0x7FF, 0x7FF,
 258              0x7FF, 0x800, 0x7FF, 0x7FF,  0x7FF, 0x800, 0x7FF, 0x800,
 259              0x7FF, 0x800, 0x7FF, 0x800,  0x7FF, 0x800, 0x7FF, 0x7FF,
 260              0x800, 0x800, 0x7FF, 0x800,  0x7FF, 0x800, 0x7FF, 0x800 };
 261          
 262          code unsigned int cannon_fire_snd[2048] = {
 263              0x7EC, 0x757, 0x7FB, 0x884,  0x80C, 0x797, 0x7D9, 0x864,
 264              0x872, 0x7EB, 0x7A5, 0x842,  0x8BE, 0x7EE, 0x787, 0x848,
 265              0x877, 0x841, 0x7A9, 0x7DD,  0x88B, 0x859, 0x79D, 0x78D,
 266              0x830, 0x886, 0x7B5, 0x75C,  0x7FD, 0x881, 0x81B, 0x73A,
 267              0x7B4, 0x872, 0x849, 0x784,  0x757, 0x85A, 0x8BA, 0x7D6,
 268              0x75E, 0x7F2, 0x8B9, 0x83E,  0x76A, 0x7A3, 0x8A5, 0x88A,
 269              0x778, 0x739, 0x843, 0x881,  0x796, 0x745, 0x79C, 0x844,
 270              0x81A, 0x781, 0x73C, 0x830,  0x863, 0x7CE, 0x7B3, 0x7CE,
 271              0x83D, 0x862, 0x80D, 0x7C5,  0x830, 0x88B, 0x83D, 0x794,
 272              0x7EF, 0x866, 0x845, 0x7EA,  0x7C4, 0x7E3, 0x8B9, 0x819,
 273              0x72F, 0x7DB, 0x898, 0x8C4,  0x78C, 0x720, 0x8A1, 0x942,
 274              0x79F, 0x720, 0x815, 0x91B,  0x86E, 0x74B, 0x7A4, 0x8A3,
 275              0x8B5, 0x7B4, 0x762, 0x7FF,  0x8DD, 0x854, 0x72E, 0x780,
 276              0x883, 0x867, 0x7D7, 0x735,  0x776, 0x8A8, 0x8A4, 0x750,
 277              0x6EA, 0x835, 0x8FD, 0x7C1,  0x6EA, 0x7C6, 0x8A9, 0x8E3,
 278              0x740, 0x688, 0x8B3, 0x963,  0x7CD, 0x69A, 0x788, 0x929,
 279              0x8C6, 0x6FD, 0x6BD, 0x84F,  0x90A, 0x80D, 0x73A, 0x6DE,
 280              0x859, 0x9E7, 0x77D, 0x66A,  0x85E, 0x916, 0x915, 0x76A,
 281              0x66D, 0x866, 0x9DF, 0x89A,  0x5A0, 0x73D, 0xA01, 0x96A,
 282              0x70A, 0x5D9, 0x858, 0xA8D,  0x8A2, 0x5AD, 0x6AA, 0x9A9,
 283              0xA95, 0x787, 0x501, 0x771,  0xB3B, 0x9F5, 0x576, 0x530,
 284              0x979, 0xB32, 0x854, 0x4B4,  0x5D2, 0xB09, 0xB29, 0x601,
 285              0x43F, 0x819, 0xB6E, 0x9B3,  0x50E, 0x4A9, 0x93D, 0xC24,
 286              0x81E, 0x39A, 0x65B, 0xB1C,  0xAEE, 0x685, 0x3EA, 0x793,
 287              0xBF0, 0x9F1, 0x556, 0x42F,  0x909, 0xC9A, 0x8C0, 0x3BC,
 288              0x516, 0xAD4, 0xC90, 0x766,  0x29B, 0x643, 0xCDA, 0xBB1,
 289              0x4DC, 0x2D9, 0x884, 0xD5E,  0xA85, 0x353, 0x34E, 0xAD0,
 290              0xDDB, 0x880, 0x1BC, 0x537,  0xCE9, 0xC9C, 0x663, 0x270,
 291              0x645, 0xD71, 0xCA8, 0x4CF,  0x1B8, 0x86C, 0xE8C, 0xAD9,
 292              0x393, 0x23C, 0x9E9, 0xECB,  0x9E2, 0x23B, 0x2AB, 0xBED,
 293              0xF5D, 0x809, 0x09C, 0x43C,  0xDCE, 0xDAE, 0x5B4, 0x160,
 294              0x617, 0xD75, 0xCAD, 0x55B,  0x113, 0x70A, 0xEB7, 0xC14,
 295              0x3A3, 0x154, 0x8F4, 0xED4,  0xAC4, 0x31D, 0x1E4, 0x9FB,
 296              0xED4, 0x94E, 0x271, 0x3BC,  0xAE3, 0xD6B, 0x84E, 0x353,
 297              0x46F, 0xA6E, 0xCD8, 0x88F,  0x3B0, 0x3FB, 0xA6A, 0xD38,
 298              0x8B2, 0x2E6, 0x3AC, 0xB55,  0xDCB, 0x7B9, 0x25F, 0x4BE,
 299              0xBAF, 0xD7D, 0x7F1, 0x1E0,  0x4AD, 0xC6E, 0xDBA, 0x805,
 300              0x1A6, 0x4AD, 0xCEC, 0xDC5,  0x760, 0x1B4, 0x521, 0xCF7,
 301              0xD90, 0x6F1, 0x1E5, 0x597,  0xC89, 0xC97, 0x6EE, 0x2E5,
 302              0x5F4, 0xB50, 0xC68, 0x802,  0x27A, 0x53E, 0xC48, 0xD44,
 303              0x717, 0x18F, 0x55A, 0xCFF,  0xDA2, 0x60E, 0x07C, 0x622,
C51 COMPILER V9.59.0.0   SOUND                                                             03/09/2021 21:56:24 PAGE 6   

 304              0xDBD, 0xCCE, 0x570, 0x111,  0x69C, 0xDDF, 0xC9B, 0x4E5,
 305              0x0F7, 0x73E, 0xE4B, 0xC78,  0x495, 0x124, 0x793, 0xE54,
 306              0xC94, 0x4AE, 0x0E5, 0x76E,  0xEE5, 0xCB0, 0x44F, 0x05E,
 307              0x779, 0xF09, 0xD08, 0x3FF,  0x001, 0x7B4, 0xF31, 0xD1F,
 308              0x3DB, 0x076, 0x7B2, 0xE99,  0xCF9, 0x508, 0x09F, 0x6DA,
 309              0xE68, 0xD4D, 0x568, 0x07C,  0x669, 0xE72, 0xD95, 0x5B3,
 310              0x0D3, 0x613, 0xDC7, 0xD62,  0x642, 0x16E, 0x56A, 0xC6D,
 311              0xD5C, 0x71B, 0x272, 0x551,  0xAFA, 0xC93, 0x8E5, 0x402,
 312              0x480, 0x9AA, 0xBFB, 0x9A2,  0x521, 0x488, 0x830, 0xB1F,
 313              0xA42, 0x651, 0x453, 0x772,  0xB5F, 0xA1E, 0x646, 0x4A9,
 314              0x740, 0xA9C, 0xA15, 0x722,  0x524, 0x70A, 0xA27, 0xA63,
 315              0x7EA, 0x57E, 0x674, 0x943,  0xA98, 0x8E3, 0x5CA, 0x555,
 316              0x87F, 0xAD3, 0x9B9, 0x65F,  0x509, 0x7B9, 0xAA4, 0xA62,
 317              0x737, 0x556, 0x69E, 0x994,  0xAC1, 0x893, 0x543, 0x586,
 318              0x929, 0xB1A, 0x93B, 0x541,  0x4C8, 0x8B6, 0xB2F, 0x975,
 319              0x607, 0x4CA, 0x7A1, 0xAF9,  0xAEB, 0x709, 0x457, 0x6BD,
 320              0xA84, 0xB9A, 0x871, 0x441,  0x57C, 0xA3B, 0xC1A, 0x946,
 321              0x4C8, 0x43E, 0x86A, 0xBFD,  0xABE, 0x5A4, 0x2D3, 0x680,
 322              0xB89, 0xBF0, 0x72C, 0x2F9,  0x51D, 0xA8D, 0xC70, 0x909,
 323              0x495, 0x463, 0x876, 0xBB9,  0xAC3, 0x696, 0x46D, 0x6B1,
 324              0xA02, 0xB75, 0x8D3, 0x555,  0x5A8, 0x864, 0xA88, 0x9E1,
 325              0x75D, 0x5B7, 0x6D1, 0x929,  0xA33, 0x8DC, 0x66C, 0x5EB,
 326              0x814, 0xA1B, 0x994, 0x73A,  0x591, 0x69A, 0x99B, 0xAB5,
 327              0x860, 0x56E, 0x507, 0x867,  0xB96, 0xA51, 0x634, 0x45A,
 328              0x6FF, 0xAFF, 0xB78, 0x79F,  0x47D, 0x5D2, 0x982, 0xB46,
 329              0x90A, 0x550, 0x489, 0x7E5,  0xB0F, 0xA25, 0x6A5, 0x4F9,
 330              0x6B3, 0x980, 0xA9F, 0x8D9,  0x656, 0x5D1, 0x7B5, 0xA4E,
 331              0xAA7, 0x7B7, 0x559, 0x6CA,  0x9A9, 0xA2B, 0x8A4, 0x66A,
 332              0x54F, 0x799, 0xA2F, 0x9D6,  0x722, 0x518, 0x68A, 0x938,
 333              0xA94, 0x932, 0x65F, 0x60C,  0x806, 0x9BA, 0xA2F, 0x8ED,
 334              0x671, 0x5AD, 0x79C, 0xA31,  0xAC8, 0x809, 0x4BD, 0x56E,
 335              0x8C8, 0xB47, 0xA4D, 0x5F5,  0x38D, 0x671, 0xB02, 0xBDB,
 336              0x838, 0x3BD, 0x3FE, 0x8FF,  0xCB7, 0xAD5, 0x5AB, 0x323,
 337              0x610, 0xB22, 0xC8B, 0x902,  0x427, 0x37D, 0x822, 0xC5C,
 338              0xB9C, 0x71F, 0x395, 0x4D5,  0x9AE, 0xCC6, 0xAD1, 0x5FE,
 339              0x334, 0x607, 0xB12, 0xCEF,  0x992, 0x4AC, 0x3AA, 0x73D,
 340              0xC24, 0xCA6, 0x839, 0x33F,  0x365, 0x8D3, 0xD44, 0xBBE,
 341              0x608, 0x243, 0x4C0, 0xAB1,  0xD6E, 0xAB4, 0x4CA, 0x274,
 342              0x61F, 0xBEF, 0xDD6, 0x9B7,  0x35C, 0x1CF, 0x74F, 0xD35,
 343              0xDF0, 0x86D, 0x1B6, 0x205,  0x8E8, 0xE59, 0xCFB, 0x624,
 344              0x123, 0x38A, 0xAC0, 0xE7A,  0xB8D, 0x46B, 0x11A, 0x542,
 345              0xBD2, 0xE2D, 0xA1F, 0x3FF,  0x1FC, 0x682, 0xC35, 0xD95,
 346              0x9B7, 0x420, 0x1E7, 0x669,  0xC89, 0xE31, 0x9AB, 0x2F5,
 347              0x17A, 0x733, 0xDD6, 0xEA9,  0x8D0, 0x200, 0x1B8, 0x7BE,
 348              0xE24, 0xE4B, 0x806, 0x159,  0x1D8, 0x8AD, 0xEA4, 0xD85,
 349              0x698, 0x11E, 0x2EC, 0xA23,  0xE5D, 0xC5C, 0x69E, 0x1E0,
 350              0x34D, 0x9AC, 0xE57, 0xCD2,  0x652, 0x1D5, 0x30B, 0x989,
 351              0xE97, 0xCB7, 0x657, 0x17A,  0x2F0, 0x978, 0xEB0, 0xCDE,
 352              0x655, 0x19F, 0x2EF, 0x933,  0xEC1, 0xD85, 0x6A5, 0x112,
 353              0x294, 0x9C0, 0xEE7, 0xD31,  0x669, 0x0FC, 0x2A8, 0xA0D,
 354              0xEFD, 0xCB7, 0x5CE, 0x0E5,  0x316, 0xA0C, 0xEAA, 0xC6F,
 355              0x62F, 0x195, 0x2A7, 0x96C,  0xE86, 0xCF8, 0x718, 0x17B,
 356              0x237, 0x8EE, 0xE73, 0xE1F,  0x832, 0x1C9, 0x12E, 0x7B1,
 357              0xECE, 0xF39, 0x884, 0x111,  0x0B6, 0x81F, 0xF0D, 0xEA2,
 358              0x855, 0x1F4, 0x1B6, 0x793,  0xD4F, 0xDD4, 0x91A, 0x363,
 359              0x1D6, 0x663, 0xC17, 0xDC2,  0xA44, 0x442, 0x194, 0x55D,
 360              0xBE8, 0xE8B, 0xAC8, 0x4A1,  0x1C8, 0x4C9, 0xB19, 0xE73,
 361              0xB9B, 0x54E, 0x190, 0x3DB,  0xA6A, 0xE54, 0xBDB, 0x660,
 362              0x239, 0x34B, 0x8C9, 0xD99,  0xD06, 0x765, 0x22F, 0x25F,
 363              0x7D1, 0xD66, 0xDA6, 0x87C,  0x2E9, 0x21D, 0x714, 0xCDA,
 364              0xE11, 0x93E, 0x3A9, 0x262,  0x64C, 0xC2E, 0xDE6, 0x9EC,
 365              0x4EB, 0x2DC, 0x578, 0xAB7,  0xCEB, 0xAFA, 0x638, 0x304,
C51 COMPILER V9.59.0.0   SOUND                                                             03/09/2021 21:56:24 PAGE 7   

 366              0x4B4, 0x91A, 0xC60, 0xBA2,  0x791, 0x40B, 0x44B, 0x853,
 367              0xB62, 0xBA7, 0x934, 0x533,  0x3F6, 0x64C, 0xA0E, 0xC30,
 368              0xA44, 0x615, 0x3FC, 0x549,  0x8ED, 0xBAE, 0xAEE, 0x769,
 369              0x49B, 0x4E4, 0x7F6, 0xB09,  0xB2D, 0x8AB, 0x5D6, 0x4FA,
 370              0x6C6, 0x948, 0xB08, 0xA9C,  0x795, 0x46F, 0x429, 0x79F,
 371              0xB6C, 0xBB7, 0x880, 0x4D5,  0x361, 0x652, 0xA96, 0xCA5,
 372              0xA5E, 0x5AE, 0x3B2, 0x587,  0x983, 0xC1F, 0xB29, 0x7AA,
 373              0x4DB, 0x4C3, 0x7CF, 0xA62,  0xAFE, 0x970, 0x623, 0x49D,
 374              0x5ED, 0x907, 0xB33, 0xA88,  0x733, 0x49D, 0x56D, 0x8AD,
 375              0xB09, 0xB0F, 0x8C6, 0x5DE,  0x543, 0x6DB, 0x989, 0xB28,
 376              0x9F9, 0x789, 0x5B4, 0x577,  0x77A, 0x9EF, 0xAEF, 0x917,
 377              0x62A, 0x4B2, 0x5FA, 0x8B7,  0xAAB, 0xA58, 0x7C3, 0x513,
 378              0x4D0, 0x747, 0xA1E, 0xB41,  0x974, 0x6CB, 0x514, 0x589,
 379              0x829, 0xB02, 0xB90, 0x8E1,  0x524, 0x3FF, 0x66B, 0x9FB,
 380              0xBF3, 0xA6F, 0x69B, 0x439,  0x4D0, 0x81F, 0xB6B, 0xB89,
 381              0x8A0, 0x5A0, 0x490, 0x63C,  0x981, 0xB41, 0xA75, 0x799,
 382              0x531, 0x528, 0x787, 0xA0D,  0xAD2, 0x90E, 0x6C8, 0x5B4,
 383              0x674, 0x8B6, 0xA59, 0xA09,  0x89F, 0x736, 0x62A, 0x6AD,
 384              0x86E, 0xA1E, 0x9EC, 0x895,  0x677, 0x569, 0x6B0, 0x8E6,
 385              0xAAD, 0x9B4, 0x75C, 0x5B0,  0x5A5, 0x7BD, 0x9D9, 0xA58,
 386              0x901, 0x71C, 0x59A, 0x5E8,  0x887, 0xA8F, 0xA3C, 0x857,
 387              0x640, 0x552, 0x67A, 0x885,  0x9ED, 0x9AB, 0x836, 0x643,
 388              0x52C, 0x666, 0x904, 0xA6C,  0xA08, 0x84A, 0x5FC, 0x555,
 389              0x6F5, 0x9D2, 0xAEE, 0x9C1,  0x790, 0x533, 0x503, 0x797,
 390              0xA70, 0xB0F, 0x926, 0x687,  0x4FC, 0x5D5, 0x86C, 0xA8C,
 391              0xADB, 0x8D6, 0x645, 0x545,  0x66A, 0x8DE, 0xAD2, 0xAAA,
 392              0x8FA, 0x660, 0x4E0, 0x61A,  0x8EF, 0xB16, 0xA70, 0x827,
 393              0x598, 0x51D, 0x6BA, 0x8D0,  0xA87, 0xA3D, 0x843, 0x64A,
 394              0x5A1, 0x673, 0x87B, 0xAB0,  0xA9A, 0x8ED, 0x6C0, 0x4EE,
 395              0x58E, 0x84C, 0xB54, 0xBB2,  0x93B, 0x5B9, 0x36D, 0x4D4,
 396              0x8D3, 0xC0F, 0xBF8, 0x853,  0x455, 0x2D5, 0x536, 0x9D9,
 397              0xCB7, 0xC10, 0x84D, 0x426,  0x2F1, 0x5B3, 0xA96, 0xD73,
 398              0xB8D, 0x758, 0x3D1, 0x3A0,  0x68B, 0xA26, 0xC5D, 0xB32,
 399              0x7DA, 0x49E, 0x39D, 0x5DA,  0x98F, 0xC38, 0xBCB, 0x857,
 400              0x49D, 0x356, 0x58C, 0x9AA,  0xC57, 0xBF0, 0x930, 0x578,
 401              0x389, 0x503, 0x900, 0xC71,  0xCD1, 0x9C3, 0x59B, 0x33B,
 402              0x43C, 0x862, 0xC30, 0xCD9,  0x995, 0x5C7, 0x399, 0x460,
 403              0x7E2, 0xB5E, 0xC63, 0xA14,  0x6C6, 0x46D, 0x48A, 0x746,
 404              0xA5D, 0xB91, 0xA18, 0x76F,  0x558, 0x4B0, 0x652, 0x8BC,
 405              0xADC, 0xAE8, 0x8D6, 0x610,  0x456, 0x4D2, 0x802, 0xBC1,
 406              0xC10, 0x95F, 0x5C5, 0x3DE,  0x4C1, 0x813, 0xB3E, 0xBE7,
 407              0x9E0, 0x69D, 0x43A, 0x496,  0x723, 0xA71, 0xC20, 0xA7E,
 408              0x78E, 0x4B4, 0x41D, 0x63D,  0x940, 0xBB4, 0xB93, 0x8DC,
 409              0x5F5, 0x428, 0x4FD, 0x84A,  0xB87, 0xC5E, 0xA59, 0x6C3,
 410              0x40A, 0x441, 0x72C, 0xAA6,  0xC46, 0xB2A, 0x7F1, 0x491,
 411              0x39D, 0x5B7, 0x976, 0xC6A,  0xBD4, 0x8D4, 0x4FB, 0x361,
 412              0x53F, 0x8C3, 0xBDB, 0xBAA,  0x936, 0x649, 0x452, 0x4F0,
 413              0x771, 0xA57, 0xBB8, 0x9EC,  0x75B, 0x53B, 0x4EA, 0x696,
 414              0x8DE, 0xACB, 0xA51, 0x884,  0x6A1, 0x52D, 0x5B2, 0x78F,
 415              0x9B3, 0xAC3, 0x9A4, 0x7C4,  0x5B4, 0x555, 0x6CA, 0x913,
 416              0xAAD, 0xA4B, 0x887, 0x680,  0x59D, 0x660, 0x842, 0x9A6,
 417              0xA26, 0x978, 0x7D6, 0x666,  0x61B, 0x6F9, 0x8AE, 0xA2C,
 418              0xA37, 0x89F, 0x6F0, 0x646,  0x6AB, 0x7ED, 0x8F6, 0x950,
 419              0x910, 0x865, 0x746, 0x674,  0x665, 0x775, 0x90E, 0x9B4,
 420              0x960, 0x831, 0x6E4, 0x649,  0x6B1, 0x822, 0x958, 0x9B9,
 421              0x919, 0x758, 0x633, 0x610,  0x75B, 0x915, 0x9AD, 0x93F,
 422              0x7C5, 0x694, 0x66E, 0x752,  0x86A, 0x917, 0x918, 0x846,
 423              0x775, 0x710, 0x782, 0x7CC,  0x82F, 0x8AB, 0x898, 0x8D3,
 424              0x85E, 0x780, 0x6F2, 0x71C,  0x7EE, 0x8B1, 0x91F, 0x8D8,
 425              0x7DD, 0x744, 0x6E6, 0x705,  0x810, 0x8D1, 0x91E, 0x8CF,
 426              0x81E, 0x734, 0x6BB, 0x711,  0x852, 0x92F, 0x8F2, 0x89D,
 427              0x847, 0x765, 0x6D5, 0x730,  0x7FE, 0x8D9, 0x913, 0x8B0,
C51 COMPILER V9.59.0.0   SOUND                                                             03/09/2021 21:56:24 PAGE 8   

 428              0x7AB, 0x710, 0x6C5, 0x705,  0x7E0, 0x8CC, 0x973, 0x936,
 429              0x7FD, 0x6A8, 0x635, 0x724,  0x8A6, 0x9A4, 0x9AD, 0x86A,
 430              0x730, 0x65E, 0x69A, 0x77F,  0x895, 0x9B8, 0x982, 0x861,
 431              0x70D, 0x625, 0x6C6, 0x7E8,  0x93A, 0xA20, 0x939, 0x79F,
 432              0x6C6, 0x6B8, 0x778, 0x860,  0x90A, 0x926, 0x878, 0x7DB,
 433              0x702, 0x6F4, 0x764, 0x7C3,  0x858, 0x8A6, 0x8CE, 0x89C,
 434              0x7C3, 0x701, 0x6DA, 0x793,  0x8D0, 0x952, 0x946, 0x85E,
 435              0x735, 0x6BF, 0x6AD, 0x78F,  0x8ED, 0x93E, 0x8C1, 0x825,
 436              0x773, 0x6E8, 0x6DA, 0x744,  0x868, 0x930, 0x939, 0x8A5,
 437              0x775, 0x6A2, 0x646, 0x70A,  0x8A7, 0x9CA, 0x9C0, 0x865,
 438              0x6DF, 0x659, 0x6DD, 0x7E3,  0x8D0, 0x93A, 0x914, 0x85A,
 439              0x764, 0x706, 0x705, 0x767,  0x804, 0x8D5, 0x96D, 0x924,
 440              0x847, 0x73C, 0x6B1, 0x6E4,  0x824, 0x94A, 0x97A, 0x8C5,
 441              0x822, 0x779, 0x6D5, 0x6C7,  0x731, 0x82A, 0x937, 0x94A,
 442              0x832, 0x72C, 0x683, 0x6F3,  0x7E1, 0x896, 0x8DE, 0x900,
 443              0x8D9, 0x838, 0x784, 0x760,  0x79D, 0x7E8, 0x876, 0x8BA,
 444              0x8DD, 0x8A7, 0x7BE, 0x6D7,  0x6CA, 0x742, 0x84A, 0x8E9,
 445              0x8C0, 0x81F, 0x769, 0x75D,  0x7C6, 0x7B9, 0x7E2, 0x7ED,
 446              0x827, 0x8B0, 0x8AB, 0x85D,  0x7C4, 0x71C, 0x6CB, 0x76C,
 447              0x861, 0x972, 0x942, 0x821,  0x710, 0x6A4, 0x6C8, 0x7C5,
 448              0x89D, 0x92B, 0x933, 0x81F,  0x780, 0x710, 0x749, 0x811,
 449              0x8A6, 0x8E5, 0x8BF, 0x83B,  0x7CE, 0x78C, 0x7D0, 0x7AB,
 450              0x79D, 0x7E6, 0x81E, 0x88C,  0x896, 0x837, 0x7B4, 0x74D,
 451              0x71B, 0x797, 0x846, 0x8C1,  0x8DC, 0x884, 0x7B1, 0x735,
 452              0x72E, 0x792, 0x818, 0x8A5,  0x8CA, 0x861, 0x813, 0x7AF,
 453              0x743, 0x733, 0x7D1, 0x887,  0x8D4, 0x894, 0x7FD, 0x730,
 454              0x732, 0x78F, 0x7EE, 0x863,  0x866, 0x853, 0x820, 0x808,
 455              0x7C3, 0x77D, 0x763, 0x7B6,  0x80B, 0x88E, 0x8DB, 0x89A,
 456              0x823, 0x790, 0x75B, 0x777,  0x7F8, 0x851, 0x891, 0x898,
 457              0x86A, 0x833, 0x7AD, 0x724,  0x72F, 0x7C2, 0x85A, 0x8E6,
 458              0x8F4, 0x87F, 0x7E7, 0x745,  0x6FA, 0x761, 0x83E, 0x8B1,
 459              0x8D1, 0x86C, 0x7D5, 0x7B9,  0x7B2, 0x7B0, 0x7BF, 0x7DC,
 460              0x7CC, 0x84E, 0x8C9, 0x89A,  0x824, 0x790, 0x730, 0x6EC,
 461              0x790, 0x863, 0x907, 0x910,  0x867, 0x798, 0x6D6, 0x708,
 462              0x7B4, 0x88E, 0x8E5, 0x89C,  0x811, 0x7BF, 0x7E5, 0x7D0,
 463              0x7B4, 0x7BE, 0x7F0, 0x7FD,  0x83C, 0x871, 0x844, 0x83E,
 464              0x7B5, 0x71D, 0x6F7, 0x776,  0x849, 0x8C2, 0x8DE, 0x83A,
 465              0x7C6, 0x7A3, 0x79D, 0x7D5,  0x7B6, 0x7E7, 0x838, 0x862,
 466              0x888, 0x868, 0x81F, 0x791,  0x752, 0x778, 0x7CD, 0x8B2,
 467              0x91B, 0x8CF, 0x863, 0x798,  0x741, 0x7B6, 0x80D, 0x803,
 468              0x837, 0x877, 0x89D, 0x875,  0x7D0, 0x744, 0x746, 0x799,
 469              0x809, 0x8AA, 0x8D2, 0x891,  0x7CF, 0x756, 0x740, 0x788,
 470              0x804, 0x852, 0x851, 0x82D,  0x828, 0x7F4, 0x7D1, 0x779,
 471              0x73D, 0x791, 0x819, 0x890,  0x8AA, 0x84D, 0x7A9, 0x71D,
 472              0x759, 0x7D2, 0x835, 0x851,  0x813, 0x7C0, 0x7E2, 0x853,
 473              0x84F, 0x80E, 0x7B7, 0x773,  0x77C, 0x818, 0x894, 0x8E2,
 474              0x8AF, 0x7F7, 0x774, 0x772,  0x7BA, 0x7DA, 0x81F, 0x857,
 475              0x852, 0x862, 0x848, 0x7E3,  0x7A2, 0x7A3, 0x7BD, 0x7F5,
 476              0x865, 0x8AB, 0x88F, 0x852,  0x822, 0x7C7, 0x783, 0x7A1,
 477              0x7D9, 0x81A, 0x869, 0x875,  0x831, 0x7E4, 0x79D, 0x766,
 478              0x78D, 0x7F2, 0x81E, 0x835,  0x84F, 0x852, 0x828, 0x7E3,
 479              0x79D, 0x779, 0x7AE, 0x808,  0x84E, 0x865, 0x852, 0x837,
 480              0x800, 0x7D0, 0x7A6, 0x7A1,  0x7EB, 0x826, 0x83B, 0x845,
 481              0x822, 0x7FA, 0x7C0, 0x79D,  0x79C, 0x7A2, 0x7CE, 0x804,
 482              0x829, 0x851, 0x869, 0x82F,  0x7F2, 0x7C3, 0x7A3, 0x79F,
 483              0x7DD, 0x823, 0x84A, 0x854,  0x855, 0x82E, 0x7E9, 0x7C3,
 484              0x7BD, 0x7CB, 0x7EB, 0x829,  0x848, 0x853, 0x850, 0x82F,
 485              0x7F8, 0x7EC, 0x80E, 0x82E,  0x84D, 0x864, 0x85E, 0x825,
 486              0x814, 0x81E, 0x825, 0x7F9,  0x7AC, 0x793, 0x7BC, 0x81C,
 487              0x83E, 0x824, 0x7EF, 0x7C1,  0x798, 0x7AD, 0x7D9, 0x802,
 488              0x81B, 0x7FB, 0x7E6, 0x7CF,  0x7C8, 0x7DB, 0x7F8, 0x7F9,
 489              0x7C8, 0x7AB, 0x7DA, 0x815,  0x829, 0x82F, 0x7FF, 0x7C8,
C51 COMPILER V9.59.0.0   SOUND                                                             03/09/2021 21:56:24 PAGE 9   

 490              0x7AD, 0x7B1, 0x7DC, 0x802,  0x828, 0x828, 0x833, 0x811,
 491              0x7E3, 0x7C2, 0x793, 0x7B7,  0x7E7, 0x829, 0x84E, 0x832,
 492              0x7EE, 0x7DF, 0x7EE, 0x807,  0x82D, 0x827, 0x82C, 0x83C,
 493              0x837, 0x824, 0x827, 0x811,  0x81B, 0x823, 0x80B, 0x808,
 494              0x80C, 0x83F, 0x86D, 0x841,  0x80E, 0x7F1, 0x7D1, 0x7DC,
 495              0x800, 0x823, 0x81D, 0x816,  0x817, 0x80C, 0x7EA, 0x7D9,
 496              0x7D1, 0x7D2, 0x7F6, 0x7F8,  0x7EC, 0x7DF, 0x7D6, 0x7ED,
 497              0x7F6, 0x7FE, 0x81F, 0x812,  0x7DC, 0x7B5, 0x7E7, 0x81D,
 498              0x829, 0x815, 0x800, 0x7FB,  0x7CD, 0x7C4, 0x7E9, 0x7FB,
 499              0x803, 0x81B, 0x813, 0x7F4,  0x7F2, 0x811, 0x81F, 0x80C,
 500              0x7D7, 0x7B6, 0x7B8, 0x7D0,  0x804, 0x818, 0x817, 0x818,
 501              0x835, 0x830, 0x801, 0x7E7,  0x7DD, 0x802, 0x825, 0x82E,
 502              0x840, 0x836, 0x83E, 0x835,  0x814, 0x7FB, 0x7D4, 0x7C1,
 503              0x7A6, 0x7C6, 0x803, 0x83C,  0x856, 0x839, 0x811, 0x806,
 504              0x7F8, 0x7DE, 0x7C9, 0x7C3,  0x7E3, 0x803, 0x830, 0x83E,
 505              0x830, 0x821, 0x81B, 0x805,  0x7DB, 0x7C6, 0x7BC, 0x7C5,
 506              0x7E0, 0x814, 0x83A, 0x842,  0x813, 0x7CD, 0x78E, 0x78B,
 507              0x7B0, 0x7E5, 0x7FB, 0x80D,  0x839, 0x863, 0x872, 0x84A,
 508              0x7FE, 0x7C7, 0x7CA, 0x7C9,  0x7D5, 0x800, 0x83B, 0x844,
 509              0x82F, 0x807, 0x7F0, 0x7DB,  0x7C3, 0x7BD, 0x7B2, 0x7E4,
 510              0x80B, 0x828, 0x830, 0x826,  0x814, 0x809, 0x7F7, 0x7DE,
 511              0x7CE, 0x7D3, 0x7EC, 0x810,  0x842, 0x83B, 0x81C, 0x7F1,
 512              0x7E7, 0x7EE, 0x7EA, 0x7EB,  0x7F0, 0x803, 0x812, 0x82E,
 513              0x835, 0x842, 0x831, 0x80F,  0x7EC, 0x7E2, 0x7DE, 0x7D5,
 514              0x7E6, 0x7FA, 0x816, 0x81A,  0x80A, 0x7F4, 0x7E8, 0x7E8,
 515              0x7EE, 0x7F6, 0x7EC, 0x7D8,  0x7E7, 0x81B, 0x847, 0x853,
 516              0x835, 0x805, 0x7DB, 0x7D0,  0x7D6, 0x7E3, 0x7EA, 0x7EA,
 517              0x7F9, 0x814, 0x830, 0x821,  0x7F6, 0x7D0, 0x7D6, 0x7EE,
 518              0x805, 0x802, 0x7F2, 0x7F6,  0x800, 0x80E, 0x809, 0x805 };
 519          
 520          code unsigned int cannon_death_snd[2048] = {
 521              0x83B, 0xA23, 0xC34, 0xDDD,  0xF23, 0xFD3, 0xFF6, 0xF76,
 522              0xE6E, 0xCE1, 0xAFD, 0x8D9,  0x6AA, 0x490, 0x2BD, 0x14B,
 523              0x060, 0x003, 0x045, 0x11A,  0x276, 0x43C, 0x64C, 0x87C,
 524              0xAA3, 0xC97, 0xE32, 0xF55,  0xFEA, 0xFE6, 0xF48, 0xE1F,
 525              0xC7E, 0xA87, 0x85E, 0x62F,  0x422, 0x261, 0x10C, 0x03D,
 526              0x005, 0x067, 0x15D, 0x2D2,  0x4AC, 0x6C6, 0x8F8, 0xB17,
 527              0xCFB, 0xE7D, 0xF83, 0xFF6,  0xFD0, 0xF12, 0xDCC, 0xC15,
 528              0xA10, 0x7E2, 0x5B6, 0x3B8,  0x20A, 0x0D2, 0x023, 0x00E,
 529              0x091, 0x1A5, 0x333, 0x51F,  0x742, 0x973, 0xB89, 0xD59,
 530              0xEC3, 0xFA9, 0xFFB, 0xFB3,  0xED5, 0xD74, 0xBA8, 0x996,
 531              0x765, 0x540, 0x350, 0x1BA,  0x09F, 0x011, 0x01E, 0x0C2,
 532              0x1F4, 0x399, 0x595, 0x7BE,  0x9EE, 0xBF6, 0xDB4, 0xF01,
 533              0xFC9, 0xFF8, 0xF8F, 0xE91,  0xD17, 0xB37, 0x91C, 0x6E9,
 534              0x4CC, 0x2EE, 0x170, 0x073,  0x007, 0x035, 0x0FB, 0x247,
 535              0x404, 0x60C, 0x83B, 0xA65,  0xC61, 0xE08, 0xF3A, 0xFE0,
 536              0xFEE, 0xF63, 0xE47, 0xCB4,  0xAC3, 0x8A0, 0x66E, 0x45C,
 537              0x290, 0x12C, 0x04E, 0x003,  0x055, 0x139, 0x2A1, 0x471,
 538              0x686, 0x8B7, 0xADB, 0xCC7,  0xE57, 0xF6C, 0xFF1, 0xFDC,
 539              0xF30, 0xDF8, 0xC4D, 0xA4E,  0x823, 0x5F5, 0x3EF, 0x237,
 540              0x0EF, 0x030, 0x008, 0x07A,  0x17F, 0x2FF, 0x4E3, 0x701,
 541              0x933, 0xB4E, 0xD28, 0xE9F,  0xF96, 0xFF9, 0xFC3, 0xEF6,
 542              0xDA3, 0xBE2, 0x9D6, 0x7A6,  0x57E, 0x385, 0x1E4, 0x0B8,
 543              0x01A, 0x014, 0x0A8, 0x1C9,  0x363, 0x557, 0x77D, 0x9AE,
 544              0xBBD, 0xD85, 0xEE2, 0xFB9,  0xFFB, 0xFA2, 0xEB6, 0xD47,
 545              0xB74, 0x95B, 0x72B, 0x508,  0x321, 0x197, 0x089, 0x00C,
 546              0x028, 0x0DD, 0x21A, 0x3CC,  0x5CD, 0x7FA, 0xA26, 0xC2A,
 547              0xDDD, 0xF1D, 0xFD5, 0xFF4,  0xF7A, 0xE6F, 0xCE7, 0xB01,
 548              0x8E0, 0x6AF, 0x496, 0x2C0,  0x14F, 0x060, 0x004, 0x043,
 549              0x118, 0x272, 0x437, 0x646,  0x876, 0xA9E, 0xC92, 0xE2E,
 550              0xF52, 0xFE9, 0xFE7, 0xF4B,  0xE22, 0xC83, 0xA8C, 0x864,
 551              0x635, 0x427, 0x265, 0x10F,  0x03E, 0x005, 0x065, 0x15A,
C51 COMPILER V9.59.0.0   SOUND                                                             03/09/2021 21:56:24 PAGE 10  

 552              0x2CD, 0x4A7, 0x6C0, 0x8F3,  0xB12, 0xCF6, 0xE7A, 0xF81,
 553              0xFF6, 0xFD1, 0xF15, 0xDD0,  0xC1A, 0xA15, 0x7E7, 0x5BC,
 554              0x3BC, 0x20F, 0x0D4, 0x025,  0x00D, 0x08F, 0x1A1, 0x32F,
 555              0x51A, 0x73C, 0x96E, 0xB83,  0xD55, 0xEC0, 0xFA8, 0xFFB,
 556              0xFB5, 0xED8, 0xD78, 0xBAE,  0x99C, 0x76C, 0x545, 0x355,
 557              0x1BE, 0x0A1, 0x012, 0x01D,  0x0C0, 0x1EF, 0x395, 0x58F,
 558              0x7B8, 0x9E8, 0xBF1, 0xDB0,  0xEFF, 0xFC7, 0xFF9, 0xF90,
 559              0xE95, 0xD1A, 0xB3E, 0x921,  0x6EF, 0x4D2, 0x2F1, 0x174,
 560              0x074, 0x007, 0x034, 0x0F7,  0x244, 0x3FE, 0x606, 0x835,
 561              0xA5F, 0xC5C, 0xE04, 0xF38,  0xFDF, 0xFEF, 0xF65, 0xE4C,
 562              0xCB8, 0xACA, 0x8A5, 0x674,  0x461, 0x294, 0x12F, 0x04F,
 563              0x004, 0x052, 0x136, 0x29D,  0x46C, 0x680, 0x8B2, 0xAD5,
 564              0xCC3, 0xE53, 0xF6A, 0xFF0,  0xFDD, 0xF33, 0xDFC, 0xC52,
 565              0xA54, 0x829, 0x5FA, 0x3F4,  0x23A, 0x0F2, 0x032, 0x007,
 566              0x079, 0x17A, 0x2FC, 0x4DD,  0x6FC, 0x92D, 0xB49, 0xD24,
 567              0xE9C, 0xF94, 0xFF9, 0xFC5,  0xEF9, 0xDA7, 0xBE7, 0x9DC,
 568              0x7AC, 0x583, 0x38A, 0x1E8,  0x0BB, 0x01B, 0x014, 0x0A5,
 569              0x1C6, 0x35E, 0x551, 0x777,  0x9A8, 0xBB9, 0xD80, 0xEDF,
 570              0xFB7, 0xFFB, 0xFA4, 0xEB9,  0xD4C, 0xB78, 0x962, 0x730,
 571              0x50E, 0x325, 0x19A, 0x08B,  0x00C, 0x027, 0x0DA, 0x217,
 572              0x3C6, 0x5C8, 0x7F4, 0xA21,  0xC24, 0xDD9, 0xF1A, 0xFD4,
 573              0xFF5, 0xF7C, 0xE73, 0xCEC,  0xB07, 0x8E6, 0x6B5, 0x49B,
 574              0x2C5, 0x152, 0x062, 0x005,  0x041, 0x115, 0x26D, 0x432,
 575              0x640, 0x871, 0xA98, 0xC8E,  0xE2A, 0xF51, 0xFE8, 0xFE8,
 576              0xF4D, 0xE26, 0xC88, 0xA92,  0x86A, 0x63B, 0x42C, 0x26A,
 577              0x111, 0x041, 0x004, 0x064,  0x156, 0x2C9, 0x4A1, 0x6BB,
 578              0x8EC, 0xB0D, 0xCF1, 0xE77,  0xF7F, 0xFF6, 0xFD3, 0xF18,
 579              0xDD4, 0xC1F, 0xA1B, 0x7ED,  0x5C2, 0x3C1, 0x213, 0x0D7,
 580              0x026, 0x00D, 0x08D, 0x19E,  0x32A, 0x514, 0x736, 0x968,
 581              0xB7E, 0xD51, 0xEBC, 0xFA6,  0xFFB, 0xFB6, 0xEDB, 0xD7C,
 582              0xBB2, 0x9A2, 0x770, 0x54C,  0x359, 0x1C2, 0x0A3, 0x013,
 583              0x01C, 0x0BE, 0x1EC, 0x38F,  0x58A, 0x7B2, 0x9E3, 0xBEC,
 584              0xDAC, 0xEFB, 0xFC6, 0xFF9,  0xF93, 0xE98, 0xD1F, 0xB43,
 585              0x927, 0x6F5, 0x4D7, 0x2F6,  0x178, 0x076, 0x008, 0x032,
 586              0x0F5, 0x23F, 0x3FA, 0x600,  0x830, 0xA59, 0xC57, 0xE00,
 587              0xF35, 0xFDF, 0xFEF, 0xF67,  0xE4F, 0xCBD, 0xACF, 0x8AB,
 588              0x67A, 0x466, 0x298, 0x133,  0x051, 0x004, 0x051, 0x133,
 589              0x298, 0x467, 0x67A, 0x8AC,  0xAD0, 0xCBD, 0xE50, 0xF67,
 590              0xFF0, 0xFDE, 0xF35, 0xE00,  0xC56, 0xA59, 0x82F, 0x601,
 591              0x3F8, 0x240, 0x0F4, 0x034,  0x007, 0x077, 0x177, 0x2F7,
 592              0x4D7, 0x6F6, 0x927, 0xB43,  0xD1F, 0xE98, 0xF92, 0xFF9,
 593              0xFC6, 0xEFB, 0xDAB, 0xBEC,  0x9E2, 0x7B2, 0x589, 0x38F,
 594              0x1EC, 0x0BD, 0x01C, 0x013,  0x0A4, 0x1C2, 0x35A, 0x54B,
 595              0x772, 0x9A2, 0xBB3, 0xD7D,  0xEDC, 0xFB6, 0xFFB, 0xFA6,
 596              0xEBC, 0xD51, 0xB7D, 0x967,  0x736, 0x513, 0x32A, 0x19D,
 597              0x08D, 0x00C, 0x026, 0x0D7,  0x213, 0x3C2, 0x5C2, 0x7EF,
 598              0xA1B, 0xC20, 0xDD4, 0xF18,  0xFD3, 0xFF6, 0xF7E, 0xE76,
 599              0xCF1, 0xB0C, 0x8EC, 0x6BA,  0x4A1, 0x2C8, 0x156, 0x063,
 600              0x005, 0x040, 0x112, 0x269,  0x42D, 0x63A, 0x86B, 0xA92,
 601              0xC89, 0xE26, 0xF4E, 0xFE7,  0xFE8, 0xF50, 0xE2A, 0xC8D,
 602              0xA97, 0x870, 0x640, 0x432,  0x26D, 0x114, 0x041, 0x005,
 603              0x062, 0x153, 0x2C5, 0x49D,  0x6B5, 0x8E7, 0xB07, 0xCED,
 604              0xE73, 0xF7D, 0xFF5, 0xFD4,  0xF1A, 0xDD8, 0xC24, 0xA21,
 605              0x7F3, 0x5C8, 0x3C6, 0x217,  0x0DA, 0x026, 0x00C, 0x08B,
 606              0x19A, 0x326, 0x50F, 0x730,  0x962, 0xB79, 0xD4D, 0xEB9,
 607              0xFA4, 0xFFB, 0xFB8, 0xEDE,  0xD80, 0xBB8, 0x9A7, 0x777,
 608              0x551, 0x35E, 0x1C6, 0x0A5,  0x013, 0x01B, 0x0BB, 0x1E8,
 609              0x38A, 0x584, 0x7AD, 0x9DC,  0xBE8, 0xDA7, 0xEFA, 0xFC4,
 610              0xFFA, 0xF94, 0xE9C, 0xD24,  0xB48, 0x92C, 0x6FB, 0x4DC,
 611              0x2FB, 0x17B, 0x078, 0x008,  0x032, 0x0F2, 0x23B, 0x3F4,
 612              0x5FB, 0x82A, 0xA54, 0xC53,  0xDFC, 0xF32, 0xFDE, 0xFF0,
 613              0xF69, 0xE53, 0xCC2, 0xAD4,  0x8B1, 0x67F, 0x46B, 0x29D,
C51 COMPILER V9.59.0.0   SOUND                                                             03/09/2021 21:56:24 PAGE 11  

 614              0x135, 0x053, 0x004, 0x04F,  0x130, 0x294, 0x462, 0x675,
 615              0x8A6, 0xACA, 0xCB9, 0xE4B,  0xF66, 0xFEF, 0xFE0, 0xF37,
 616              0xE04, 0xC5B, 0xA5F, 0x834,  0x607, 0x3FD, 0x244, 0x0F7,
 617              0x034, 0x007, 0x074, 0x175,  0x2F2, 0x4D2, 0x6F0, 0x922,
 618              0xB3E, 0xD1B, 0xE96, 0xF90,  0xFF9, 0xFC7, 0xEFF, 0xDAF,
 619              0xBF1, 0x9E7, 0x7B8, 0x58E,  0x394, 0x1EF, 0x0C0, 0x01D,
 620              0x012, 0x0A1, 0x1BE, 0x356,  0x546, 0x76C, 0x99C, 0xBAE,
 621              0xD78, 0xED9, 0xFB5, 0xFFB,  0xFA8, 0xEBF, 0xD56, 0xB82,
 622              0x96E, 0x73B, 0x519, 0x32E,  0x1A1, 0x08F, 0x00D, 0x025,
 623              0x0D5, 0x20F, 0x3BC, 0x5BD,  0x7E8, 0xA16, 0xC1B, 0xDD0,
 624              0xF15, 0xFD1, 0xFF6, 0xF81,  0xE7A, 0xCF6, 0xB11, 0x8F2,
 625              0x6BF, 0x4A7, 0x2CD, 0x159,  0x065, 0x005, 0x03F, 0x10F,
 626              0x265, 0x428, 0x635, 0x865,  0xA8D, 0xC84, 0xE23, 0xF4B,
 627              0xFE7, 0xFE9, 0xF52, 0xE2E,  0xC91, 0xA9D, 0x875, 0x646,
 628              0x437, 0x271, 0x117, 0x043,  0x004, 0x060, 0x150, 0x2C1,
 629              0x497, 0x6AF, 0x8E1, 0xB02,  0xCE8, 0xE70, 0xF7A, 0xFF5,
 630              0xFD4, 0xF1D, 0xDDC, 0xC29,  0xA26, 0x7FA, 0x5CC, 0x3CB,
 631              0x21A, 0x0DC, 0x028, 0x00C,  0x089, 0x198, 0x320, 0x50A,
 632              0x72A, 0x95D, 0xB73, 0xD48,  0xEB6, 0xFA2, 0xFFB, 0xFB9,
 633              0xEE1, 0xD84, 0xBBD, 0x9AD,  0x77D, 0x556, 0x363, 0x1C9,
 634              0x0A8, 0x014, 0x01A, 0x0B9,  0x1E4, 0x386, 0x57E, 0x7A7,
 635              0x9D7, 0xBE2, 0xDA3, 0xEF6,  0xFC3, 0xFF9, 0xF96, 0xE9F,
 636              0xD28, 0xB4E, 0x932, 0x700,  0x4E2, 0x2FF, 0x17E, 0x07A,
 637              0x009, 0x030, 0x0F0, 0x237,  0x3EF, 0x5F6, 0x824, 0xA4F,
 638              0xC4D, 0xDF8, 0xF30, 0xFDC,  0xFF1, 0xF6B, 0xE56, 0xCC7,
 639              0xADA, 0x8B7, 0x685, 0x471,  0x2A1, 0x139, 0x054, 0x004,
 640              0x04E, 0x12D, 0x290, 0x45C,  0x66F, 0x8A0, 0xAC5, 0xCB4,
 641              0xE49, 0xF63, 0xFEF, 0xFE0,  0xF3A, 0xE08, 0xC60, 0xA65,
 642              0x83A, 0x60C, 0x403, 0x247,  0x0FA, 0x035, 0x007, 0x073,
 643              0x171, 0x2EE, 0x4CD, 0x6EA,  0x91C, 0xB38, 0xD17, 0xE92,
 644              0xF8F, 0xFF8, 0xFC8, 0xF01,  0xDB3, 0xBF6, 0x9EC, 0x7BE,
 645              0x593, 0x399, 0x1F3, 0x0C2,  0x01E, 0x011, 0x09F, 0x1BB,
 646              0x351, 0x540, 0x766, 0x997,  0xBA9, 0xD74, 0xED6, 0xFB3,
 647              0xFFB, 0xFA9, 0xEC2, 0xD59,  0xB88, 0x973, 0x741, 0x51F,
 648              0x333, 0x1A5, 0x091, 0x00E,  0x024, 0x0D2, 0x20B, 0x3B7,
 649              0x5B7, 0x7E2, 0xA10, 0xC16,  0xDCC, 0xF13, 0xFD0, 0xFF7,
 650              0xF82, 0xE7D, 0xCFA, 0xB17,  0x8F8, 0x6C6, 0x4AC, 0x2D2,
 651              0x15C, 0x067, 0x005, 0x03D,  0x10C, 0x260, 0x423, 0x62F,
 652              0x85F, 0xA87, 0xC7F, 0xE20,  0xF49, 0xFE6, 0xFEA, 0xF55,
 653              0xE31, 0xC96, 0xAA3, 0x87B,  0x64C, 0x43B, 0x276, 0x11A,
 654              0x044, 0x004, 0x05E, 0x14D,  0x2BC, 0x491, 0x6AA, 0x8DB,
 655              0xAFD, 0xCE4, 0xE6C, 0xF79,  0xFF4, 0xFD6, 0xF1F, 0xDE0,
 656              0xC2E, 0xA2C, 0x7FF, 0x5D2,  0x3D0, 0x21E, 0x0DF, 0x029,
 657              0x00B, 0x087, 0x193, 0x31C,  0x504, 0x725, 0x957, 0xB6E,
 658              0xD44, 0xEB3, 0xFA1, 0xFFB,  0xFBA, 0xEE4, 0xD89, 0xBC2,
 659              0x9B2, 0x782, 0x55B, 0x367,  0x1CD, 0x0AA, 0x015, 0x01A,
 660              0x0B6, 0x1E1, 0x380, 0x579,  0x7A1, 0x9D1, 0xBDD, 0xD9F,
 661              0xEF3, 0xFC2, 0xFFA, 0xF98,  0xEA2, 0xD2C, 0xB53, 0x938,
 662              0x706, 0x4E7, 0x304, 0x181,  0x07D, 0x008, 0x02F, 0x0ED,
 663              0x233, 0x3EA, 0x5F0, 0x81E,  0xA49, 0xC48, 0xDF5, 0xF2D,
 664              0xFDC, 0xFF1, 0xF6E, 0xE59,  0xCCB, 0xAE0, 0x8BC, 0x68B,
 665              0x476, 0x2A6, 0x13B, 0x056,  0x003, 0x04C, 0x12A, 0x28C,
 666              0x457, 0x669, 0x89A, 0xAC0,  0xCAF, 0xE45, 0xF60, 0xFEE,
 667              0xFE1, 0xF3C, 0xE0B, 0xC65,  0xA6A, 0x840, 0x611, 0x408,
 668              0x24B, 0x0FD, 0x037, 0x006,  0x071, 0x16E, 0x2E9, 0x4C8,
 669              0x6E4, 0x916, 0xB34, 0xD12,  0xE8F, 0xF8D, 0xFF8, 0xFCA,
 670              0xF04, 0xDB7, 0xBFB, 0x9F3,  0x7C3, 0x59A, 0x39D, 0x1F7,
 671              0x0C4, 0x01F, 0x010, 0x09D,  0x1B7, 0x34B, 0x53C, 0x760,
 672              0x991, 0xBA4, 0xD70, 0xED2,  0xFB2, 0xFFB, 0xFAA, 0xEC6,
 673              0xD5D, 0xB8D, 0x979, 0x747,  0x524, 0x338, 0x1A8, 0x093,
 674              0x00E, 0x023, 0x0CF, 0x207,  0x3B2, 0x5B2, 0x7DC, 0xA0B,
 675              0xC10, 0xDC8, 0xF10, 0xFCF,  0xFF7, 0xF84, 0xE80, 0xCFF,
C51 COMPILER V9.59.0.0   SOUND                                                             03/09/2021 21:56:24 PAGE 12  

 676              0xB1C, 0x8FD, 0x6CC, 0x4B0,  0x2D6, 0x15F, 0x069, 0x005,
 677              0x03C, 0x109, 0x25D, 0x41E,  0x62A, 0x859, 0xA83, 0xC79,
 678              0xE1C, 0xF46, 0xFE5, 0xFEA,  0xF57, 0xE35, 0xC9B, 0xAA8,
 679              0x881, 0x651, 0x441, 0x27A,  0x11D, 0x046, 0x004, 0x05D,
 680              0x149, 0x2B8, 0x48C, 0x6A4,  0x8D5, 0xAF7, 0xCDF, 0xE69,
 681              0xF76, 0xFF4, 0xFD7, 0xF23,  0xDE3, 0xC34, 0xA31, 0x805,
 682              0x5D8, 0x3D5, 0x222, 0x0E1,  0x02A, 0x00B, 0x085, 0x190,
 683              0x318, 0x4FE, 0x71F, 0x951,  0xB69, 0xD40, 0xEB0, 0xF9F,
 684              0xFFA, 0xFBC, 0xEE7, 0xD8D,  0xBC7, 0x9B8, 0x789, 0x560,
 685              0x36D, 0x1D0, 0x0AD, 0x015,  0x018, 0x0B4, 0x1DD, 0x37C,
 686              0x573, 0x79C, 0x9CB, 0xBD8,  0xD9B, 0xEF1, 0xFC1, 0xFFA,
 687              0xF99, 0xEA6, 0xD31, 0xB58,  0x93E, 0x70C, 0x4ED, 0x308,
 688              0x185, 0x07E, 0x009, 0x02E,  0x0EA, 0x230, 0x3E5, 0x5EA,
 689              0x818, 0xA44, 0xC43, 0xDF1,  0xF2B, 0xFDB, 0xFF2, 0xF6F,
 690              0xE5D, 0xCD0, 0xAE5, 0x8C2,  0x691, 0x47B, 0x2A9, 0x13F,
 691              0x057, 0x004, 0x04A, 0x127,  0x288, 0x452, 0x664, 0x894,
 692              0xABA, 0xCAB, 0xE41, 0xF5F,  0xFED, 0xFE3, 0xF3E, 0xE0F,
 693              0xC6A, 0xA6F, 0x846, 0x617,  0x40D, 0x24F, 0x100, 0x037,
 694              0x006, 0x06F, 0x16A, 0x2E5,  0x4C2, 0x6DE, 0x911, 0xB2D,
 695              0xD0E, 0xE8B, 0xF8C, 0xFF7,  0xFCC, 0xF06, 0xDBC, 0xC00,
 696              0x9F8, 0x7C9, 0x59F, 0x3A2,  0x1FB, 0x0C7, 0x020, 0x010,
 697              0x09B, 0x1B4, 0x347, 0x536,  0x75A, 0x98C, 0xB9E, 0xD6C,
 698              0xECF, 0xFB0, 0xFFC, 0xFAC,  0xEC9, 0xD62, 0xB93, 0x97E,
 699              0x74D, 0x529, 0x33C, 0x1AC,  0x095, 0x00F, 0x021, 0x0CD,
 700              0x203, 0x3AE, 0x5AB, 0x7D7,  0xA04, 0xC0C, 0xDC4, 0xF0D,
 701              0xFCE, 0xFF7, 0xF87, 0xE83,  0xD04, 0xB21, 0x903, 0x6D2,
 702              0x4B6, 0x2DB, 0x162, 0x06B,  0x005, 0x03B, 0x106, 0x259,
 703              0x419, 0x624, 0x854, 0xA7C,  0xC75, 0xE18, 0xF45, 0xFE4,
 704              0xFEB, 0xF59, 0xE38, 0xCA0,  0xAAD, 0x887, 0x657, 0x446,
 705              0x27E, 0x120, 0x047, 0x004,  0x05B, 0x146, 0x2B4, 0x487,
 706              0x69E, 0x8CF, 0xAF2, 0xCDA,  0xE65, 0xF74, 0xFF3, 0xFD8,
 707              0xF25, 0xDE8, 0xC38, 0xA37,  0x80B, 0x5DE, 0x3D9, 0x227,
 708              0x0E4, 0x02B, 0x00A, 0x083,  0x18C, 0x313, 0x4F9, 0x719,
 709              0x94B, 0xB63, 0xD3B, 0xEAD,  0xF9D, 0xFFB, 0xFBD, 0xEEA,
 710              0xD91, 0xBCD, 0x9BE, 0x78E,  0x566, 0x372, 0x1D4, 0x0AF,
 711              0x017, 0x017, 0x0B2, 0x1D9,  0x378, 0x56E, 0x795, 0x9C6,
 712              0xBD3, 0xD97, 0xEEE, 0xFBF,  0xFFB, 0xF9A, 0xEA9, 0xD35,
 713              0xB5D, 0x943, 0x712, 0x4F2,  0x30D, 0x188, 0x080, 0x009,
 714              0x02D, 0x0E7, 0x22C, 0x3E0,  0x5E5, 0x811, 0xA3F, 0xC3E,
 715              0xDEE, 0xF28, 0xFDA, 0xFF2,  0xF71, 0xE61, 0xCD4, 0xAEB,
 716              0x8C8, 0x697, 0x480, 0x2AD,  0x142, 0x059, 0x004, 0x04A,
 717              0x124, 0x283, 0x44D, 0x65E,  0x88F, 0xAB4, 0xCA6, 0xE3D,
 718              0xF5D, 0xFEC, 0xFE3, 0xF41,  0xE13, 0xC6F, 0xA75, 0x84C,
 719              0x61D, 0x411, 0x254, 0x102,  0x03A, 0x005, 0x06E, 0x167,
 720              0x2E1, 0x4BD, 0x6D9, 0x90A,  0xB29, 0xD09, 0xE88, 0xF89,
 721              0xFF7, 0xFCC, 0xF0A, 0xDBF,  0xC05, 0x9FD, 0x7CF, 0x5A4,
 722              0x3A8, 0x1FF, 0x0C9, 0x021,  0x00F, 0x099, 0x1B0, 0x343,
 723              0x530, 0x755, 0x985, 0xB99,  0xD67, 0xECD, 0xFAE, 0xFFB,
 724              0xFAE, 0xECC, 0xD66, 0xB98,  0x984, 0x752, 0x52F, 0x341,
 725              0x1AF, 0x098, 0x00F, 0x021,  0x0CA, 0x200, 0x3A9, 0x5A6,
 726              0x7D1, 0x9FF, 0xC07, 0xDC0,  0xF0B, 0xFCD, 0xFF8, 0xF88,
 727              0xE87, 0xD07, 0xB27, 0x909,  0x6D7, 0x4BB, 0x2E0, 0x165,
 728              0x06D, 0x006, 0x039, 0x103,  0x255, 0x413, 0x61E, 0x84D,
 729              0xA77, 0xC70, 0xE14, 0xF42,  0xFE3, 0xFEC, 0xF5C, 0xE3C,
 730              0xCA5, 0xAB3, 0x88D, 0x65D,  0x44B, 0x282, 0x123, 0x049,
 731              0x004, 0x059, 0x143, 0x2AF,  0x482, 0x698, 0x8CA, 0xAEC,
 732              0xCD6, 0xE62, 0xF73, 0xFF3,  0xFD9, 0xF28, 0xDEC, 0xC3D,
 733              0xA3C, 0x810, 0x5E3, 0x3DF,  0x22A, 0x0E7, 0x02C, 0x00A,
 734              0x080, 0x189, 0x30E, 0x4F4,  0x714, 0x945, 0xB5F, 0xD36,
 735              0xEAA, 0xF9B, 0xFFB, 0xFBE,  0xEED, 0xD96, 0xBD1, 0x9C4,
 736              0x794, 0x56C, 0x376, 0x1D8,  0x0B1, 0x017, 0x017, 0x0AF,
 737              0x1D5, 0x373, 0x567, 0x790,  0x9BF, 0xBCF, 0xD92, 0xEEC,
C51 COMPILER V9.59.0.0   SOUND                                                             03/09/2021 21:56:24 PAGE 13  

 738              0xFBD, 0xFFB, 0xF9D, 0xEAC,  0xD3A, 0xB62, 0x94A, 0x718,
 739              0x4F7, 0x312, 0x18B, 0x082,  0x00A, 0x02B, 0x0E5, 0x227,
 740              0x3DB, 0x5DF, 0x80C, 0xA39,  0xC39, 0xDEA, 0xF25, 0xFD9,
 741              0xFF3, 0xF74, 0xE64, 0xCD9,  0xAF0, 0x8CE, 0x69C, 0x486,
 742              0x2B2, 0x146, 0x05A, 0x004,  0x047, 0x121, 0x27F, 0x448,
 743              0x658, 0x889, 0xAAF, 0xCA1,  0xE3A, 0xF5A, 0xFEB, 0xFE4,
 744              0xF43, 0xE17, 0xC74, 0xA7B,  0x852, 0x622, 0x417, 0x257,
 745              0x106, 0x03A, 0x006, 0x06C,  0x163, 0x2DD, 0x4B7, 0x6D4,
 746              0x904, 0xB24, 0xD04, 0xE85,  0xF87, 0xFF7, 0xFCD, 0xF0C,
 747              0xDC3, 0xC0A, 0xA03, 0x7D5,  0x5AA, 0x3AC, 0x203, 0x0CB,
 748              0x022, 0x00F, 0x096, 0x1AD,  0x33E, 0x52B, 0x74F, 0x980,
 749              0xB95, 0xD62, 0xECA, 0xFAC,  0xFFC, 0xFAF, 0xECF, 0xD6A,
 750              0xB9D, 0x98A, 0x759, 0x534,  0x346, 0x1B3, 0x099, 0x010,
 751              0x01F, 0x0C8, 0x1FC, 0x3A4,  0x5A1, 0x7CB, 0x9FA, 0xC02,
 752              0xDBC, 0xF08, 0xFCB, 0xFF9,  0xF89, 0xE8B, 0xD0B, 0xB2D,
 753              0x90E, 0x6DD, 0x4C1, 0x2E4,  0x169, 0x06E, 0x006, 0x038,
 754              0x101, 0x250, 0x40F, 0x618,  0x848, 0xA71, 0xC6C, 0xE10,
 755              0xF40, 0xFE2, 0xFED, 0xF5E,  0xE40, 0xCA9, 0xAB8, 0x893,
 756              0x662, 0x450, 0x287, 0x126,  0x04B, 0x004, 0x057, 0x141,
 757              0x2AA, 0x47D, 0x693, 0x8C4,  0xAE7, 0xCD1, 0xE5E, 0xF70,
 758              0xFF2, 0xFDA, 0xF2B, 0xDEF,  0xC42, 0xA42, 0x816, 0x5E9,
 759              0x3E3, 0x22E, 0x0E9, 0x02E,  0x009, 0x07F, 0x186, 0x309,
 760              0x4EF, 0x70D, 0x940, 0xB59,  0xD32, 0xEA6, 0xF9A, 0xFFA,
 761              0xFC0, 0xEF0, 0xD99, 0xBD7,  0x9C9, 0x79A, 0x571, 0x37B,
 762              0x1DC, 0x0B3, 0x018, 0x016,  0x0AC, 0x1D2, 0x36D, 0x563,
 763              0x78A, 0x9BA, 0xBC9, 0xD8E,  0xEE8, 0xFBC, 0xFFB, 0xF9E,
 764              0xEAF, 0xD3E, 0xB67, 0x94F,  0x71D, 0x4FD, 0x316, 0x18F,
 765              0x084, 0x00B, 0x02A, 0x0E2,  0x224, 0x3D6, 0x5DA, 0x806,
 766              0xA33, 0xC34, 0xDE6, 0xF23,  0xFD8, 0xFF3, 0xF76, 0xE67,
 767              0xCDE, 0xAF5, 0x8D4, 0x6A2,  0x48B, 0x2B6, 0x149, 0x05C,
 768              0x004, 0x046, 0x11E, 0x27B,  0x442, 0x653, 0x883, 0xAA9,
 769              0xC9C, 0xE36, 0xF57, 0xFEB,  0xFE5, 0xF46, 0xE1A, 0xC7A,
 770              0xA7F, 0x859, 0x627, 0x41D,  0x25B, 0x109, 0x03B, 0x006,
 771              0x069, 0x161, 0x2D7, 0x4B3,  0x6CD, 0x8FF, 0xB1E, 0xD00,
 772              0xE82, 0xF84, 0xFF8, 0xFCD,  0xF11, 0xDC5, 0xC12, 0xA06,
 773              0x7DE, 0x5AD, 0x3B5, 0x203,  0x0D2, 0x01F, 0x011, 0x091,
 774              0x1AB, 0x337, 0x526, 0x748,  0x97A, 0xB90, 0xD5D, 0xEC9,
 775              0xFA8, 0xFFF, 0xFAB, 0xED9,  0xD67, 0xBAC, 0x984, 0x76B,
 776              0x52C, 0x359, 0x1A7, 0x0AB,  0x001, 0x02F, 0x0B6, 0x207 };
 777          


MODULE INFORMATION:   STATIC OVERLAYABLE
   CODE SIZE        =   ----    ----
   CONSTANT SIZE    =  12288    ----
   XDATA SIZE       =   ----    ----
   PDATA SIZE       =   ----    ----
   DATA SIZE        =   ----    ----
   IDATA SIZE       =   ----    ----
   BIT SIZE         =   ----    ----
END OF MODULE INFORMATION.


C51 COMPILATION COMPLETE.  0 WARNING(S),  0 ERROR(S)
